  unittest1.cpp
LINK : warning LNK4075: 忽略“/INCREMENTAL”(由于“/LTCG”规范)
    正在创建库 D:\se\WordList\WordlistProject\Release\UnitTestInit.lib 和对象 D:\se\WordList\WordlistProject\Release\UnitTestInit.exp
unittest1.obj : error LNK2001: 无法解析的外部符号 "public: __thiscall Init::Init(int,char * * const)" (??0Init@@QAE@HQAPAD@Z)
D:\se\WordList\WordlistProject\Release\UnitTestInit.dll : fatal error LNK1120: 1 个无法解析的外部命令
